This file contains any messages produced by compilers while
running configure, to aid debugging if configure makes a mistake.

It was created by hunspell configure 1.3.3, which was
generated by GNU Autoconf 2.69.  Invocation command line was

  $ ./configure --with-pic --prefix=/home/tom/src/ideal-eureka/3p-hunspell/stage --libdir=/home/tom/src/ideal-eureka/3p-hunspell/stage/lib/debug CXXFLAGS=-m32 -Og -g -std=c++11 CFLAGS=-m32 -Og -g --no-create --no-recursion

## --------- ##
## Platform. ##
## --------- ##

hostname = asrock
uname -m = i686
uname -r = 3.2.0-4-686-pae
uname -s = Linux
uname -v = #1 SMP Debian 3.2.68-1+deb7u3

/usr/bin/uname -p = unknown
/bin/uname -X     = unknown

/bin/arch              = unknown
/usr/bin/arch -k       = unknown
/usr/convex/getsysinfo = unknown
/usr/bin/hostinfo      = unknown
/bin/machine           = unknown
/usr/bin/oslevel       = unknown
/bin/universe          = unknown

PATH: /opt/erfgrid/bin
PATH: /home/tom/bin
PATH: /usr/local/bin
PATH: /usr/bin
PATH: /bin
PATH: /usr/local/games
PATH: /usr/games
PATH: /usr/local/bin
PATH: /usr/local/lib/python2.7/dist-packages/bin


## ----------- ##
## Core tests. ##
## ----------- ##

configure:2711: checking build system type
configure:2725: result: i686-pc-linux-gnu
configure:2745: checking host system type
configure:2758: result: i686-pc-linux-gnu
configure:2778: checking target system type
configure:2791: result: i686-pc-linux-gnu
configure:2836: checking for a BSD-compatible install
configure:2904: result: /usr/bin/install -c
configure:2915: checking whether build environment is sane
configure:2970: result: yes
configure:3121: checking for a thread-safe mkdir -p
configure:3160: result: /bin/mkdir -p
configure:3167: checking for gawk
configure:3183: found /usr/bin/gawk
configure:3194: result: gawk
configure:3205: checking whether make sets $(MAKE)
configure:3227: result: yes
configure:3256: checking whether make supports nested variables
configure:3273: result: yes
configure:3467: checking for g++
configure:3483: found /usr/local/bin/g++
configure:3494: result: g++
configure:3521: checking for C++ compiler version
configure:3530: g++ --version >&5
g++ (GCC) 4.9.2
Copyright (C) 2014 Free Software Foundation, Inc.
This is free software; see the source for copying conditions.  There is NO
warranty; not even for MERCHANTABILITY or FITNESS FOR A PARTICULAR PURPOSE.

configure:3541: $? = 0
configure:3530: g++ -v >&5
Using built-in specs.
COLLECT_GCC=g++
COLLECT_LTO_WRAPPER=/usr/local/libexec/gcc/i686-pc-linux-gnu/4.9.2/lto-wrapper
Target: i686-pc-linux-gnu
Configured with: ./configure --with-gmp=/opt/tnr/
Thread model: posix
gcc version 4.9.2 (GCC) 
configure:3541: $? = 0
configure:3530: g++ -V >&5
g++: error: unrecognized command line option '-V'
g++: fatal error: no input files
compilation terminated.
configure:3541: $? = 1
configure:3530: g++ -qversion >&5
g++: error: unrecognized command line option '-qversion'
g++: fatal error: no input files
compilation terminated.
configure:3541: $? = 1
configure:3561: checking whether the C++ compiler works
configure:3583: g++ -m32 -Og -g -std=c++11   conftest.cpp  >&5
configure:3587: $? = 0
configure:3635: result: yes
configure:3638: checking for C++ compiler default output file name
configure:3640: result: a.out
configure:3646: checking for suffix of executables
configure:3653: g++ -o conftest -m32 -Og -g -std=c++11   conftest.cpp  >&5
configure:3657: $? = 0
configure:3679: result: 
configure:3701: checking whether we are cross compiling
configure:3709: g++ -o conftest -m32 -Og -g -std=c++11   conftest.cpp  >&5
configure:3713: $? = 0
configure:3720: ./conftest
configure:3724: $? = 0
configure:3739: result: no
configure:3744: checking for suffix of object files
configure:3766: g++ -c -m32 -Og -g -std=c++11  conftest.cpp >&5
configure:3770: $? = 0
configure:3791: result: o
configure:3795: checking whether we are using the GNU C++ compiler
configure:3814: g++ -c -m32 -Og -g -std=c++11  conftest.cpp >&5
configure:3814: $? = 0
configure:3823: result: yes
configure:3832: checking whether g++ accepts -g
configure:3852: g++ -c -g  conftest.cpp >&5
configure:3852: $? = 0
configure:3893: result: yes
configure:3927: checking for style of include used by make
configure:3955: result: GNU
configure:3981: checking dependency style of g++
configure:4092: result: gcc3
configure:4155: checking for gcc
configure:4171: found /usr/local/bin/gcc
configure:4182: result: gcc
configure:4411: checking for C compiler version
configure:4420: gcc --version >&5
gcc (GCC) 4.9.2
Copyright (C) 2014 Free Software Foundation, Inc.
This is free software; see the source for copying conditions.  There is NO
warranty; not even for MERCHANTABILITY or FITNESS FOR A PARTICULAR PURPOSE.

configure:4431: $? = 0
configure:4420: gcc -v >&5
Using built-in specs.
COLLECT_GCC=gcc
COLLECT_LTO_WRAPPER=/usr/local/libexec/gcc/i686-pc-linux-gnu/4.9.2/lto-wrapper
Target: i686-pc-linux-gnu
Configured with: ./configure --with-gmp=/opt/tnr/
Thread model: posix
gcc version 4.9.2 (GCC) 
configure:4431: $? = 0
configure:4420: gcc -V >&5
gcc: error: unrecognized command line option '-V'
gcc: fatal error: no input files
compilation terminated.
configure:4431: $? = 1
configure:4420: gcc -qversion >&5
gcc: error: unrecognized command line option '-qversion'
gcc: fatal error: no input files
compilation terminated.
configure:4431: $? = 1
configure:4435: checking whether we are using the GNU C compiler
configure:4454: gcc -c -m32 -Og -g  conftest.c >&5
configure:4454: $? = 0
configure:4463: result: yes
configure:4472: checking whether gcc accepts -g
configure:4492: gcc -c -g  conftest.c >&5
configure:4492: $? = 0
configure:4533: result: yes
configure:4550: checking for gcc option to accept ISO C89
configure:4613: gcc  -c -m32 -Og -g  conftest.c >&5
configure:4613: $? = 0
configure:4626: result: none needed
configure:4651: checking whether gcc understands -c and -o together
configure:4673: gcc -c conftest.c -o conftest2.o
configure:4676: $? = 0
configure:4673: gcc -c conftest.c -o conftest2.o
configure:4676: $? = 0
configure:4688: result: yes
configure:4707: checking dependency style of gcc
configure:4818: result: gcc3
configure:4879: checking how to print strings
configure:4906: result: printf
configure:4927: checking for a sed that does not truncate output
configure:4991: result: /bin/sed
configure:5009: checking for grep that handles long lines and -e
configure:5067: result: /bin/grep
configure:5072: checking for egrep
configure:5134: result: /bin/grep -E
configure:5139: checking for fgrep
configure:5201: result: /bin/grep -F
configure:5236: checking for ld used by gcc
configure:5303: result: /usr/bin/ld
configure:5310: checking if the linker (/usr/bin/ld) is GNU ld
configure:5325: result: yes
configure:5337: checking for BSD- or MS-compatible name lister (nm)
configure:5391: result: /usr/bin/nm -B
configure:5521: checking the name lister (/usr/bin/nm -B) interface
configure:5528: gcc -c -m32 -Og -g  conftest.c >&5
configure:5531: /usr/bin/nm -B "conftest.o"
configure:5534: output
00000000 B some_variable
configure:5541: result: BSD nm
configure:5544: checking whether ln -s works
configure:5548: result: yes
configure:5556: checking the maximum length of command line arguments
configure:5687: result: 805306365
configure:5735: checking how to convert i686-pc-linux-gnu file names to i686-pc-linux-gnu format
configure:5775: result: func_convert_file_noop
configure:5782: checking how to convert i686-pc-linux-gnu file names to toolchain format
configure:5802: result: func_convert_file_noop
configure:5809: checking for /usr/bin/ld option to reload object files
configure:5816: result: -r
configure:5890: checking for objdump
configure:5906: found /usr/bin/objdump
configure:5917: result: objdump
configure:5949: checking how to recognize dependent libraries
configure:6149: result: pass_all
configure:6234: checking for dlltool
configure:6264: result: no
configure:6294: checking how to associate runtime and link libraries
configure:6321: result: printf %s\n
configure:6382: checking for ar
configure:6398: found /usr/bin/ar
configure:6409: result: ar
configure:6446: checking for archiver @FILE support
configure:6463: gcc -c -m32 -Og -g  conftest.c >&5
configure:6463: $? = 0
configure:6466: ar cru libconftest.a @conftest.lst >&5
configure:6469: $? = 0
configure:6474: ar cru libconftest.a @conftest.lst >&5
ar: conftest.o: No such file or directory
configure:6477: $? = 1
configure:6489: result: @
configure:6547: checking for strip
configure:6563: found /usr/bin/strip
configure:6574: result: strip
configure:6646: checking for ranlib
configure:6662: found /usr/bin/ranlib
configure:6673: result: ranlib
configure:6775: checking command to parse /usr/bin/nm -B output from gcc object
configure:6928: gcc -c -m32 -Og -g  conftest.c >&5
configure:6931: $? = 0
configure:6935: /usr/bin/nm -B conftest.o \| sed -n -e 's/^.*[ ]\([ABCDGIRSTW][ABCDGIRSTW]*\)[ ][ ]*\([_A-Za-z][_A-Za-z0-9]*\)$/\1 \2 \2/p' | sed '/ __gnu_lto/d' \> conftest.nm
configure:6938: $? = 0
configure:7004: gcc -o conftest -m32 -Og -g   conftest.c conftstm.o >&5
configure:7007: $? = 0
configure:7045: result: ok
configure:7092: checking for sysroot
configure:7122: result: no
configure:7129: checking for a working dd
configure:7167: result: /bin/dd
configure:7171: checking how to truncate binary pipes
configure:7186: result: /bin/dd bs=4096 count=1
configure:7515: checking for mt
configure:7531: found /bin/mt
configure:7542: result: mt
configure:7565: checking if mt is a manifest tool
configure:7571: mt '-?'
configure:7579: result: no
configure:8256: checking how to run the C preprocessor
configure:8287: gcc -E  conftest.c
configure:8287: $? = 0
configure:8301: gcc -E  conftest.c
conftest.c:11:28: fatal error: ac_nonexistent.h: No such file or directory
 #include <ac_nonexistent.h>
                            ^
compilation terminated.
configure:8301: $? = 1
configure: failed program was:
| /* confdefs.h */
| #define PACKAGE_NAME "hunspell"
| #define PACKAGE_TARNAME "hunspell"
| #define PACKAGE_VERSION "1.3.3"
| #define PACKAGE_STRING "hunspell 1.3.3"
| #define PACKAGE_BUGREPORT "nemeth@numbertext.org"
| #define PACKAGE_URL ""
| #define PACKAGE "hunspell"
| #define VERSION "1.3.3"
| /* end confdefs.h.  */
| #include <ac_nonexistent.h>
configure:8326: result: gcc -E
configure:8346: gcc -E  conftest.c
configure:8346: $? = 0
configure:8360: gcc -E  conftest.c
conftest.c:11:28: fatal error: ac_nonexistent.h: No such file or directory
 #include <ac_nonexistent.h>
                            ^
compilation terminated.
configure:8360: $? = 1
configure: failed program was:
| /* confdefs.h */
| #define PACKAGE_NAME "hunspell"
| #define PACKAGE_TARNAME "hunspell"
| #define PACKAGE_VERSION "1.3.3"
| #define PACKAGE_STRING "hunspell 1.3.3"
| #define PACKAGE_BUGREPORT "nemeth@numbertext.org"
| #define PACKAGE_URL ""
| #define PACKAGE "hunspell"
| #define VERSION "1.3.3"
| /* end confdefs.h.  */
| #include <ac_nonexistent.h>
configure:8389: checking for ANSI C header files
configure:8409: gcc -c -m32 -Og -g  conftest.c >&5
configure:8409: $? = 0
configure:8482: gcc -o conftest -m32 -Og -g   conftest.c  >&5
configure:8482: $? = 0
configure:8482: ./conftest
configure:8482: $? = 0
configure:8493: result: yes
configure:8506: checking for sys/types.h
configure:8506: gcc -c -m32 -Og -g  conftest.c >&5
configure:8506: $? = 0
configure:8506: result: yes
configure:8506: checking for sys/stat.h
configure:8506: gcc -c -m32 -Og -g  conftest.c >&5
configure:8506: $? = 0
configure:8506: result: yes
configure:8506: checking for stdlib.h
configure:8506: gcc -c -m32 -Og -g  conftest.c >&5
configure:8506: $? = 0
configure:8506: result: yes
configure:8506: checking for string.h
configure:8506: gcc -c -m32 -Og -g  conftest.c >&5
configure:8506: $? = 0
configure:8506: result: yes
configure:8506: checking for memory.h
configure:8506: gcc -c -m32 -Og -g  conftest.c >&5
configure:8506: $? = 0
configure:8506: result: yes
configure:8506: checking for strings.h
configure:8506: gcc -c -m32 -Og -g  conftest.c >&5
configure:8506: $? = 0
configure:8506: result: yes
configure:8506: checking for inttypes.h
configure:8506: gcc -c -m32 -Og -g  conftest.c >&5
configure:8506: $? = 0
configure:8506: result: yes
configure:8506: checking for stdint.h
configure:8506: gcc -c -m32 -Og -g  conftest.c >&5
configure:8506: $? = 0
configure:8506: result: yes
configure:8506: checking for unistd.h
configure:8506: gcc -c -m32 -Og -g  conftest.c >&5
configure:8506: $? = 0
configure:8506: result: yes
configure:8520: checking for dlfcn.h
configure:8520: gcc -c -m32 -Og -g  conftest.c >&5
configure:8520: $? = 0
configure:8520: result: yes
configure:8787: checking for objdir
configure:8802: result: .libs
configure:9066: checking if gcc supports -fno-rtti -fno-exceptions
configure:9084: gcc -c -m32 -Og -g  -fno-rtti -fno-exceptions conftest.c >&5
cc1: warning: command line option '-fno-rtti' is valid for C++/ObjC++ but not for C
configure:9088: $? = 0
configure:9101: result: no
configure:9459: checking for gcc option to produce PIC
configure:9466: result: -fPIC -DPIC
configure:9474: checking if gcc PIC flag -fPIC -DPIC works
configure:9492: gcc -c -m32 -Og -g  -fPIC -DPIC -DPIC conftest.c >&5
configure:9496: $? = 0
configure:9509: result: yes
configure:9538: checking if gcc static flag -static works
configure:9566: result: yes
configure:9581: checking if gcc supports -c -o file.o
configure:9602: gcc -c -m32 -Og -g  -o out/conftest2.o conftest.c >&5
configure:9606: $? = 0
configure:9628: result: yes
configure:9636: checking if gcc supports -c -o file.o
configure:9683: result: yes
configure:9716: checking whether the gcc linker (/usr/bin/ld) supports shared libraries
configure:10975: result: yes
configure:11012: checking whether -lc should be explicitly linked in
configure:11020: gcc -c -m32 -Og -g  conftest.c >&5
configure:11023: $? = 0
configure:11038: gcc -shared  -fPIC -DPIC conftest.o  -v -Wl,-soname -Wl,conftest -o conftest 2\>\&1 \| /bin/grep  -lc  \>/dev/null 2\>\&1
configure:11041: $? = 0
configure:11055: result: no
configure:11215: checking dynamic linker characteristics
configure:11796: gcc -o conftest -m32 -Og -g   -Wl,-rpath -Wl,/foo conftest.c  >&5
configure:11796: $? = 0
configure:12033: result: GNU/Linux ld.so
configure:12155: checking how to hardcode library paths into programs
configure:12180: result: immediate
configure:12728: checking whether stripping libraries is possible
configure:12733: result: yes
configure:12768: checking if libtool supports shared libraries
configure:12770: result: yes
configure:12773: checking whether to build shared libraries
configure:12798: result: yes
configure:12801: checking whether to build static libraries
configure:12805: result: yes
configure:12828: checking how to run the C++ preprocessor
configure:12855: g++ -E  conftest.cpp
configure:12855: $? = 0
configure:12869: g++ -E  conftest.cpp
conftest.cpp:23:28: fatal error: ac_nonexistent.h: No such file or directory
 #include <ac_nonexistent.h>
                            ^
compilation terminated.
configure:12869: $? = 1
configure: failed program was:
| /* confdefs.h */
| #define PACKAGE_NAME "hunspell"
| #define PACKAGE_TARNAME "hunspell"
| #define PACKAGE_VERSION "1.3.3"
| #define PACKAGE_STRING "hunspell 1.3.3"
| #define PACKAGE_BUGREPORT "nemeth@numbertext.org"
| #define PACKAGE_URL ""
| #define PACKAGE "hunspell"
| #define VERSION "1.3.3"
| #define STDC_HEADERS 1
| #define HAVE_SYS_TYPES_H 1
| #define HAVE_SYS_STAT_H 1
| #define HAVE_STDLIB_H 1
| #define HAVE_STRING_H 1
| #define HAVE_MEMORY_H 1
| #define HAVE_STRINGS_H 1
| #define HAVE_INTTYPES_H 1
| #define HAVE_STDINT_H 1
| #define HAVE_UNISTD_H 1
| #define HAVE_DLFCN_H 1
| #define LT_OBJDIR ".libs/"
| /* end confdefs.h.  */
| #include <ac_nonexistent.h>
configure:12894: result: g++ -E
configure:12914: g++ -E  conftest.cpp
configure:12914: $? = 0
configure:12928: g++ -E  conftest.cpp
conftest.cpp:23:28: fatal error: ac_nonexistent.h: No such file or directory
 #include <ac_nonexistent.h>
                            ^
compilation terminated.
configure:12928: $? = 1
configure: failed program was:
| /* confdefs.h */
| #define PACKAGE_NAME "hunspell"
| #define PACKAGE_TARNAME "hunspell"
| #define PACKAGE_VERSION "1.3.3"
| #define PACKAGE_STRING "hunspell 1.3.3"
| #define PACKAGE_BUGREPORT "nemeth@numbertext.org"
| #define PACKAGE_URL ""
| #define PACKAGE "hunspell"
| #define VERSION "1.3.3"
| #define STDC_HEADERS 1
| #define HAVE_SYS_TYPES_H 1
| #define HAVE_SYS_STAT_H 1
| #define HAVE_STDLIB_H 1
| #define HAVE_STRING_H 1
| #define HAVE_MEMORY_H 1
| #define HAVE_STRINGS_H 1
| #define HAVE_INTTYPES_H 1
| #define HAVE_STDINT_H 1
| #define HAVE_UNISTD_H 1
| #define HAVE_DLFCN_H 1
| #define LT_OBJDIR ".libs/"
| /* end confdefs.h.  */
| #include <ac_nonexistent.h>
configure:13090: checking for ld used by g++
configure:13157: result: /usr/bin/ld
configure:13164: checking if the linker (/usr/bin/ld) is GNU ld
configure:13179: result: yes
configure:13234: checking whether the g++ linker (/usr/bin/ld) supports shared libraries
configure:14307: result: yes
configure:14343: g++ -c -m32 -Og -g -std=c++11  conftest.cpp >&5
configure:14346: $? = 0
configure:14827: checking for g++ option to produce PIC
configure:14834: result: -fPIC -DPIC
configure:14842: checking if g++ PIC flag -fPIC -DPIC works
configure:14860: g++ -c -m32 -Og -g -std=c++11  -fPIC -DPIC -DPIC conftest.cpp >&5
configure:14864: $? = 0
configure:14877: result: yes
configure:14900: checking if g++ static flag -static works
configure:14928: result: yes
configure:14940: checking if g++ supports -c -o file.o
configure:14961: g++ -c -m32 -Og -g -std=c++11  -o out/conftest2.o conftest.cpp >&5
configure:14965: $? = 0
configure:14987: result: yes
configure:14992: checking if g++ supports -c -o file.o
configure:15039: result: yes
configure:15069: checking whether the g++ linker (/usr/bin/ld) supports shared libraries
configure:15109: result: yes
configure:15250: checking dynamic linker characteristics
configure:15995: result: GNU/Linux ld.so
configure:16060: checking how to hardcode library paths into programs
configure:16085: result: immediate
configure:16451: checking fcntl.h usability
configure:16451: gcc -c -m32 -Og -g  conftest.c >&5
configure:16451: $? = 0
configure:16451: result: yes
configure:16451: checking fcntl.h presence
configure:16451: gcc -E  conftest.c
configure:16451: $? = 0
configure:16451: result: yes
configure:16451: checking for fcntl.h
configure:16451: result: yes
configure:16451: checking libintl.h usability
configure:16451: gcc -c -m32 -Og -g  conftest.c >&5
configure:16451: $? = 0
configure:16451: result: yes
configure:16451: checking libintl.h presence
configure:16451: gcc -E  conftest.c
configure:16451: $? = 0
configure:16451: result: yes
configure:16451: checking for libintl.h
configure:16451: result: yes
configure:16451: checking locale.h usability
configure:16451: gcc -c -m32 -Og -g  conftest.c >&5
configure:16451: $? = 0
configure:16451: result: yes
configure:16451: checking locale.h presence
configure:16451: gcc -E  conftest.c
configure:16451: $? = 0
configure:16451: result: yes
configure:16451: checking for locale.h
configure:16451: result: yes
configure:16451: checking for unistd.h
configure:16451: result: yes
configure:16451: checking error.h usability
configure:16451: gcc -c -m32 -Og -g  conftest.c >&5
configure:16451: $? = 0
configure:16451: result: yes
configure:16451: checking error.h presence
configure:16451: gcc -E  conftest.c
configure:16451: $? = 0
configure:16451: result: yes
configure:16451: checking for error.h
configure:16451: result: yes
configure:16463: checking for an ANSI C-conforming const
configure:16529: gcc -c -m32 -Og -g  conftest.c >&5
configure:16529: $? = 0
configure:16536: result: yes
configure:16544: checking for inline
configure:16560: gcc -c -m32 -Og -g  conftest.c >&5
configure:16560: $? = 0
configure:16568: result: inline
configure:16588: checking for error_at_line
configure:16604: gcc -o conftest -m32 -Og -g   conftest.c  >&5
configure:16604: $? = 0
configure:16612: result: yes
configure:16623: checking for ANSI C header files
configure:16727: result: yes
configure:16738: checking for memchr
configure:16738: gcc -o conftest -m32 -Og -g   conftest.c  >&5
conftest.c:52:6: warning: conflicting types for built-in function 'memchr'
 char memchr ();
      ^
configure:16738: $? = 0
configure:16738: result: yes
configure:16738: checking for setlocale
configure:16738: gcc -o conftest -m32 -Og -g   conftest.c  >&5
configure:16738: $? = 0
configure:16738: result: yes
configure:16738: checking for strchr
configure:16738: gcc -o conftest -m32 -Og -g   conftest.c  >&5
conftest.c:54:6: warning: conflicting types for built-in function 'strchr'
 char strchr ();
      ^
configure:16738: $? = 0
configure:16738: result: yes
configure:16738: checking for strstr
configure:16738: gcc -o conftest -m32 -Og -g   conftest.c  >&5
conftest.c:55:6: warning: conflicting types for built-in function 'strstr'
 char strstr ();
      ^
configure:16738: $? = 0
configure:16738: result: yes
configure:16756: checking whether NLS is requested
configure:16765: result: yes
configure:16806: checking for msgfmt
configure: trying /usr/bin/msgfmt...
0 translated messages.
configure:16838: result: /usr/bin/msgfmt
configure:16847: checking for gmsgfmt
configure:16878: result: /usr/bin/msgfmt
configure:16929: checking for xgettext
configure: trying /usr/bin/xgettext...
/usr/bin/xgettext: warning: file `/dev/null' extension `' is unknown; will try C
configure:16961: result: /usr/bin/xgettext
configure:17007: checking for msgmerge
configure: trying /usr/bin/msgmerge...
configure:17038: result: /usr/bin/msgmerge
configure:17056: checking whether we are using the GNU C Library 2 or newer
configure:17083: result: yes
configure:17132: checking for ranlib
configure:17159: result: ranlib
configure:17186: checking for simple visibility declarations
configure:17208: gcc -c -m32 -Og -g -fvisibility=hidden  conftest.c >&5
configure:17208: $? = 0
configure:17217: result: yes
configure:17232: checking for size_t
configure:17232: gcc -c -m32 -Og -g  conftest.c >&5
configure:17232: $? = 0
configure:17232: gcc -c -m32 -Og -g  conftest.c >&5
conftest.c: In function 'main':
conftest.c:70:21: error: expected expression before ')' token
 if (sizeof ((size_t)))
                     ^
configure:17232: $? = 1
configure: failed program was:
| /* confdefs.h */
| #define PACKAGE_NAME "hunspell"
| #define PACKAGE_TARNAME "hunspell"
| #define PACKAGE_VERSION "1.3.3"
| #define PACKAGE_STRING "hunspell 1.3.3"
| #define PACKAGE_BUGREPORT "nemeth@numbertext.org"
| #define PACKAGE_URL ""
| #define PACKAGE "hunspell"
| #define VERSION "1.3.3"
| #define STDC_HEADERS 1
| #define HAVE_SYS_TYPES_H 1
| #define HAVE_SYS_STAT_H 1
| #define HAVE_STDLIB_H 1
| #define HAVE_STRING_H 1
| #define HAVE_MEMORY_H 1
| #define HAVE_STRINGS_H 1
| #define HAVE_INTTYPES_H 1
| #define HAVE_STDINT_H 1
| #define HAVE_UNISTD_H 1
| #define HAVE_DLFCN_H 1
| #define LT_OBJDIR ".libs/"
| #define HAVE_FCNTL_H 1
| #define HAVE_LIBINTL_H 1
| #define HAVE_LOCALE_H 1
| #define HAVE_UNISTD_H 1
| #define HAVE_ERROR_H 1
| #define STDC_HEADERS 1
| #define HAVE_MEMCHR 1
| #define HAVE_SETLOCALE 1
| #define HAVE_STRCHR 1
| #define HAVE_STRSTR 1
| #define HAVE_VISIBILITY 1
| /* end confdefs.h.  */
| #include <stdio.h>
| #ifdef HAVE_SYS_TYPES_H
| # include <sys/types.h>
| #endif
| #ifdef HAVE_SYS_STAT_H
| # include <sys/stat.h>
| #endif
| #ifdef STDC_HEADERS
| # include <stdlib.h>
| # include <stddef.h>
| #else
| # ifdef HAVE_STDLIB_H
| #  include <stdlib.h>
| # endif
| #endif
| #ifdef HAVE_STRING_H
| # if !defined STDC_HEADERS && defined HAVE_MEMORY_H
| #  include <memory.h>
| # endif
| # include <string.h>
| #endif
| #ifdef HAVE_STRINGS_H
| # include <strings.h>
| #endif
| #ifdef HAVE_INTTYPES_H
| # include <inttypes.h>
| #endif
| #ifdef HAVE_STDINT_H
| # include <stdint.h>
| #endif
| #ifdef HAVE_UNISTD_H
| # include <unistd.h>
| #endif
| int
| main ()
| {
| if (sizeof ((size_t)))
| 	    return 0;
|   ;
|   return 0;
| }
configure:17232: result: yes
configure:17244: checking for stdint.h
configure:17261: gcc -c -m32 -Og -g  conftest.c >&5
configure:17261: $? = 0
configure:17268: result: yes
configure:17280: checking for working alloca.h
configure:17297: gcc -o conftest -m32 -Og -g   conftest.c  >&5
configure:17297: $? = 0
configure:17305: result: yes
configure:17313: checking for alloca
configure:17350: gcc -o conftest -m32 -Og -g   conftest.c  >&5
configure:17350: $? = 0
configure:17358: result: yes
configure:17470: checking for stdlib.h
configure:17470: result: yes
configure:17470: checking for unistd.h
configure:17470: result: yes
configure:17470: checking for sys/param.h
configure:17470: gcc -c -m32 -Og -g  conftest.c >&5
configure:17470: $? = 0
configure:17470: result: yes
configure:17490: checking for getpagesize
configure:17490: gcc -o conftest -m32 -Og -g   conftest.c  >&5
configure:17490: $? = 0
configure:17490: result: yes
configure:17499: checking for working mmap
configure:17646: gcc -o conftest -m32 -Og -g   conftest.c  >&5
configure:17646: $? = 0
configure:17646: ./conftest
configure:17646: $? = 0
configure:17656: result: yes
configure:17667: checking whether integer division by zero raises SIGFPE
configure:17733: gcc -o conftest -m32 -Og -g   conftest.c  >&5
conftest.c:56:5: warning: built-in function 'nan' declared as non-function
 int nan;
     ^
configure:17733: $? = 0
configure:17733: ./conftest
configure:17733: $? = 0
configure:17745: result: yes
configure:17758: checking for inttypes.h
configure:17775: gcc -c -m32 -Og -g  conftest.c >&5
configure:17775: $? = 0
configure:17782: result: yes
configure:17793: checking for unsigned long long int
configure:17833: gcc -o conftest -m32 -Og -g   conftest.c  >&5
configure:17833: $? = 0
configure:17841: result: yes
configure:17871: checking for inttypes.h
configure:17871: result: yes
configure:17882: checking whether the inttypes.h PRIxNN macros are broken
configure:17903: gcc -c -m32 -Og -g  conftest.c >&5
configure:17903: $? = 0
configure:17911: result: no
configure:17927: checking minix/config.h usability
configure:17927: gcc -c -m32 -Og -g  conftest.c >&5
conftest.c:80:26: fatal error: minix/config.h: No such file or directory
 #include <minix/config.h>
                          ^
compilation terminated.
configure:17927: $? = 1
configure: failed program was:
| /* confdefs.h */
| #define PACKAGE_NAME "hunspell"
| #define PACKAGE_TARNAME "hunspell"
| #define PACKAGE_VERSION "1.3.3"
| #define PACKAGE_STRING "hunspell 1.3.3"
| #define PACKAGE_BUGREPORT "nemeth@numbertext.org"
| #define PACKAGE_URL ""
| #define PACKAGE "hunspell"
| #define VERSION "1.3.3"
| #define STDC_HEADERS 1
| #define HAVE_SYS_TYPES_H 1
| #define HAVE_SYS_STAT_H 1
| #define HAVE_STDLIB_H 1
| #define HAVE_STRING_H 1
| #define HAVE_MEMORY_H 1
| #define HAVE_STRINGS_H 1
| #define HAVE_INTTYPES_H 1
| #define HAVE_STDINT_H 1
| #define HAVE_UNISTD_H 1
| #define HAVE_DLFCN_H 1
| #define LT_OBJDIR ".libs/"
| #define HAVE_FCNTL_H 1
| #define HAVE_LIBINTL_H 1
| #define HAVE_LOCALE_H 1
| #define HAVE_UNISTD_H 1
| #define HAVE_ERROR_H 1
| #define STDC_HEADERS 1
| #define HAVE_MEMCHR 1
| #define HAVE_SETLOCALE 1
| #define HAVE_STRCHR 1
| #define HAVE_STRSTR 1
| #define HAVE_VISIBILITY 1
| #define HAVE_STDINT_H_WITH_UINTMAX 1
| #define HAVE_ALLOCA_H 1
| #define HAVE_ALLOCA 1
| #define HAVE_STDLIB_H 1
| #define HAVE_UNISTD_H 1
| #define HAVE_SYS_PARAM_H 1
| #define HAVE_GETPAGESIZE 1
| #define HAVE_MMAP 1
| #define INTDIV0_RAISES_SIGFPE 1
| #define HAVE_INTTYPES_H_WITH_UINTMAX 1
| #define HAVE_UNSIGNED_LONG_LONG_INT 1
| #define HAVE_UINTMAX_T 1
| #define HAVE_INTTYPES_H 1
| /* end confdefs.h.  */
| #include <stdio.h>
| #ifdef HAVE_SYS_TYPES_H
| # include <sys/types.h>
| #endif
| #ifdef HAVE_SYS_STAT_H
| # include <sys/stat.h>
| #endif
| #ifdef STDC_HEADERS
| # include <stdlib.h>
| # include <stddef.h>
| #else
| # ifdef HAVE_STDLIB_H
| #  include <stdlib.h>
| # endif
| #endif
| #ifdef HAVE_STRING_H
| # if !defined STDC_HEADERS && defined HAVE_MEMORY_H
| #  include <memory.h>
| # endif
| # include <string.h>
| #endif
| #ifdef HAVE_STRINGS_H
| # include <strings.h>
| #endif
| #ifdef HAVE_INTTYPES_H
| # include <inttypes.h>
| #endif
| #ifdef HAVE_STDINT_H
| # include <stdint.h>
| #endif
| #ifdef HAVE_UNISTD_H
| # include <unistd.h>
| #endif
| #include <minix/config.h>
configure:17927: result: no
configure:17927: checking minix/config.h presence
configure:17927: gcc -E  conftest.c
conftest.c:47:26: fatal error: minix/config.h: No such file or directory
 #include <minix/config.h>
                          ^
compilation terminated.
configure:17927: $? = 1
configure: failed program was:
| /* confdefs.h */
| #define PACKAGE_NAME "hunspell"
| #define PACKAGE_TARNAME "hunspell"
| #define PACKAGE_VERSION "1.3.3"
| #define PACKAGE_STRING "hunspell 1.3.3"
| #define PACKAGE_BUGREPORT "nemeth@numbertext.org"
| #define PACKAGE_URL ""
| #define PACKAGE "hunspell"
| #define VERSION "1.3.3"
| #define STDC_HEADERS 1
| #define HAVE_SYS_TYPES_H 1
| #define HAVE_SYS_STAT_H 1
| #define HAVE_STDLIB_H 1
| #define HAVE_STRING_H 1
| #define HAVE_MEMORY_H 1
| #define HAVE_STRINGS_H 1
| #define HAVE_INTTYPES_H 1
| #define HAVE_STDINT_H 1
| #define HAVE_UNISTD_H 1
| #define HAVE_DLFCN_H 1
| #define LT_OBJDIR ".libs/"
| #define HAVE_FCNTL_H 1
| #define HAVE_LIBINTL_H 1
| #define HAVE_LOCALE_H 1
| #define HAVE_UNISTD_H 1
| #define HAVE_ERROR_H 1
| #define STDC_HEADERS 1
| #define HAVE_MEMCHR 1
| #define HAVE_SETLOCALE 1
| #define HAVE_STRCHR 1
| #define HAVE_STRSTR 1
| #define HAVE_VISIBILITY 1
| #define HAVE_STDINT_H_WITH_UINTMAX 1
| #define HAVE_ALLOCA_H 1
| #define HAVE_ALLOCA 1
| #define HAVE_STDLIB_H 1
| #define HAVE_UNISTD_H 1
| #define HAVE_SYS_PARAM_H 1
| #define HAVE_GETPAGESIZE 1
| #define HAVE_MMAP 1
| #define INTDIV0_RAISES_SIGFPE 1
| #define HAVE_INTTYPES_H_WITH_UINTMAX 1
| #define HAVE_UNSIGNED_LONG_LONG_INT 1
| #define HAVE_UINTMAX_T 1
| #define HAVE_INTTYPES_H 1
| /* end confdefs.h.  */
| #include <minix/config.h>
configure:17927: result: no
configure:17927: checking for minix/config.h
configure:17927: result: no
configure:17948: checking whether it is safe to define __EXTENSIONS__
configure:17966: gcc -c -m32 -Og -g  conftest.c >&5
configure:17966: $? = 0
configure:17973: result: yes
configure:18067: checking for ld used by GCC
configure:18131: result: /usr/bin/ld
configure:18138: checking if the linker (/usr/bin/ld) is GNU ld
configure:18151: result: yes
configure:18158: checking for shared library run path origin
configure:18171: result: done
configure:18217: checking whether imported symbols can be declared weak
configure:18232: gcc -o conftest -m32 -Og -g   conftest.c  >&5
configure:18232: $? = 0
configure:18237: result: yes
configure:18242: checking pthread.h usability
configure:18242: gcc -c -m32 -Og -g  conftest.c >&5
configure:18242: $? = 0
configure:18242: result: yes
configure:18242: checking pthread.h presence
configure:18242: gcc -E  conftest.c
configure:18242: $? = 0
configure:18242: result: yes
configure:18242: checking for pthread.h
configure:18242: result: yes
configure:18270: gcc -o conftest -m32 -Og -g   conftest.c  >&5
/tmp/cc1OSdXq.o: In function `main':
conftest.c:(.text+0x20): undefined reference to `pthread_mutexattr_init'
collect2: error: ld returned 1 exit status
configure:18270: $? = 1
configure: failed program was:
| /* confdefs.h */
| #define PACKAGE_NAME "hunspell"
| #define PACKAGE_TARNAME "hunspell"
| #define PACKAGE_VERSION "1.3.3"
| #define PACKAGE_STRING "hunspell 1.3.3"
| #define PACKAGE_BUGREPORT "nemeth@numbertext.org"
| #define PACKAGE_URL ""
| #define PACKAGE "hunspell"
| #define VERSION "1.3.3"
| #define STDC_HEADERS 1
| #define HAVE_SYS_TYPES_H 1
| #define HAVE_SYS_STAT_H 1
| #define HAVE_STDLIB_H 1
| #define HAVE_STRING_H 1
| #define HAVE_MEMORY_H 1
| #define HAVE_STRINGS_H 1
| #define HAVE_INTTYPES_H 1
| #define HAVE_STDINT_H 1
| #define HAVE_UNISTD_H 1
| #define HAVE_DLFCN_H 1
| #define LT_OBJDIR ".libs/"
| #define HAVE_FCNTL_H 1
| #define HAVE_LIBINTL_H 1
| #define HAVE_LOCALE_H 1
| #define HAVE_UNISTD_H 1
| #define HAVE_ERROR_H 1
| #define STDC_HEADERS 1
| #define HAVE_MEMCHR 1
| #define HAVE_SETLOCALE 1
| #define HAVE_STRCHR 1
| #define HAVE_STRSTR 1
| #define HAVE_VISIBILITY 1
| #define HAVE_STDINT_H_WITH_UINTMAX 1
| #define HAVE_ALLOCA_H 1
| #define HAVE_ALLOCA 1
| #define HAVE_STDLIB_H 1
| #define HAVE_UNISTD_H 1
| #define HAVE_SYS_PARAM_H 1
| #define HAVE_GETPAGESIZE 1
| #define HAVE_MMAP 1
| #define INTDIV0_RAISES_SIGFPE 1
| #define HAVE_INTTYPES_H_WITH_UINTMAX 1
| #define HAVE_UNSIGNED_LONG_LONG_INT 1
| #define HAVE_UINTMAX_T 1
| #define HAVE_INTTYPES_H 1
| #define __EXTENSIONS__ 1
| #define _ALL_SOURCE 1
| #define _GNU_SOURCE 1
| #define _POSIX_PTHREAD_SEMANTICS 1
| #define _TANDEM_SOURCE 1
| /* end confdefs.h.  */
| #include <pthread.h>
| int
| main ()
| {
| pthread_mutex_lock((pthread_mutex_t*)0);
|            pthread_mutexattr_init((pthread_mutexattr_t*)0);
|   ;
|   return 0;
| }
configure:18333: checking for pthread_kill in -lpthread
configure:18358: gcc -o conftest -m32 -Og -g   conftest.c -lpthread   >&5
configure:18358: $? = 0
configure:18367: result: yes
configure:18437: checking for pthread_rwlock_t
configure:18437: gcc -c -m32 -Og -g  conftest.c >&5
configure:18437: $? = 0
configure:18437: gcc -c -m32 -Og -g  conftest.c >&5
conftest.c: In function 'main':
conftest.c:59:31: error: expected expression before ')' token
 if (sizeof ((pthread_rwlock_t)))
                               ^
configure:18437: $? = 1
configure: failed program was:
| /* confdefs.h */
| #define PACKAGE_NAME "hunspell"
| #define PACKAGE_TARNAME "hunspell"
| #define PACKAGE_VERSION "1.3.3"
| #define PACKAGE_STRING "hunspell 1.3.3"
| #define PACKAGE_BUGREPORT "nemeth@numbertext.org"
| #define PACKAGE_URL ""
| #define PACKAGE "hunspell"
| #define VERSION "1.3.3"
| #define STDC_HEADERS 1
| #define HAVE_SYS_TYPES_H 1
| #define HAVE_SYS_STAT_H 1
| #define HAVE_STDLIB_H 1
| #define HAVE_STRING_H 1
| #define HAVE_MEMORY_H 1
| #define HAVE_STRINGS_H 1
| #define HAVE_INTTYPES_H 1
| #define HAVE_STDINT_H 1
| #define HAVE_UNISTD_H 1
| #define HAVE_DLFCN_H 1
| #define LT_OBJDIR ".libs/"
| #define HAVE_FCNTL_H 1
| #define HAVE_LIBINTL_H 1
| #define HAVE_LOCALE_H 1
| #define HAVE_UNISTD_H 1
| #define HAVE_ERROR_H 1
| #define STDC_HEADERS 1
| #define HAVE_MEMCHR 1
| #define HAVE_SETLOCALE 1
| #define HAVE_STRCHR 1
| #define HAVE_STRSTR 1
| #define HAVE_VISIBILITY 1
| #define HAVE_STDINT_H_WITH_UINTMAX 1
| #define HAVE_ALLOCA_H 1
| #define HAVE_ALLOCA 1
| #define HAVE_STDLIB_H 1
| #define HAVE_UNISTD_H 1
| #define HAVE_SYS_PARAM_H 1
| #define HAVE_GETPAGESIZE 1
| #define HAVE_MMAP 1
| #define INTDIV0_RAISES_SIGFPE 1
| #define HAVE_INTTYPES_H_WITH_UINTMAX 1
| #define HAVE_UNSIGNED_LONG_LONG_INT 1
| #define HAVE_UINTMAX_T 1
| #define HAVE_INTTYPES_H 1
| #define __EXTENSIONS__ 1
| #define _ALL_SOURCE 1
| #define _GNU_SOURCE 1
| #define _POSIX_PTHREAD_SEMANTICS 1
| #define _TANDEM_SOURCE 1
| #define USE_POSIX_THREADS 1
| #define USE_POSIX_THREADS_WEAK 1
| /* end confdefs.h.  */
| #include <pthread.h>
| 
| int
| main ()
| {
| if (sizeof ((pthread_rwlock_t)))
| 	    return 0;
|   ;
|   return 0;
| }
configure:18437: result: yes
configure:18462: gcc -c -m32 -Og -g  conftest.c >&5
configure:18462: $? = 0
configure:19060: checking for multithread API to use
configure:19062: result: posix
configure:19530: gcc -o conftest -m32 -Og -g   conftest.c  >&5
configure:19530: $? = 0
configure:19541: checking argz.h usability
configure:19541: gcc -c -m32 -Og -g  conftest.c >&5
configure:19541: $? = 0
configure:19541: result: yes
configure:19541: checking argz.h presence
configure:19541: gcc -E  conftest.c
configure:19541: $? = 0
configure:19541: result: yes
configure:19541: checking for argz.h
configure:19541: result: yes
configure:19541: checking for inttypes.h
configure:19541: result: yes
configure:19541: checking limits.h usability
configure:19541: gcc -c -m32 -Og -g  conftest.c >&5
configure:19541: $? = 0
configure:19541: result: yes
configure:19541: checking limits.h presence
configure:19541: gcc -E  conftest.c
configure:19541: $? = 0
configure:19541: result: yes
configure:19541: checking for limits.h
configure:19541: result: yes
configure:19541: checking for unistd.h
configure:19541: result: yes
configure:19541: checking for sys/param.h
configure:19541: result: yes
configure:19556: checking for getcwd
configure:19556: gcc -o conftest -m32 -Og -g   conftest.c  >&5
configure:19556: $? = 0
configure:19556: result: yes
configure:19556: checking for getegid
configure:19556: gcc -o conftest -m32 -Og -g   conftest.c  >&5
configure:19556: $? = 0
configure:19556: result: yes
configure:19556: checking for geteuid
configure:19556: gcc -o conftest -m32 -Og -g   conftest.c  >&5
configure:19556: $? = 0
configure:19556: result: yes
configure:19556: checking for getgid
configure:19556: gcc -o conftest -m32 -Og -g   conftest.c  >&5
configure:19556: $? = 0
configure:19556: result: yes
configure:19556: checking for getuid
configure:19556: gcc -o conftest -m32 -Og -g   conftest.c  >&5
configure:19556: $? = 0
configure:19556: result: yes
configure:19556: checking for mempcpy
configure:19556: gcc -o conftest -m32 -Og -g   conftest.c  >&5
conftest.c:90:6: warning: conflicting types for built-in function 'mempcpy'
 char mempcpy ();
      ^
configure:19556: $? = 0
configure:19556: result: yes
configure:19556: checking for munmap
configure:19556: gcc -o conftest -m32 -Og -g   conftest.c  >&5
configure:19556: $? = 0
configure:19556: result: yes
configure:19556: checking for stpcpy
configure:19556: gcc -o conftest -m32 -Og -g   conftest.c  >&5
conftest.c:92:6: warning: conflicting types for built-in function 'stpcpy'
 char stpcpy ();
      ^
configure:19556: $? = 0
configure:19556: result: yes
configure:19556: checking for strcasecmp
configure:19556: gcc -o conftest -m32 -Og -g   conftest.c  >&5
conftest.c:93:6: warning: conflicting types for built-in function 'strcasecmp'
 char strcasecmp ();
      ^
configure:19556: $? = 0
configure:19556: result: yes
configure:19556: checking for strdup
configure:19556: gcc -o conftest -m32 -Og -g   conftest.c  >&5
conftest.c:94:6: warning: conflicting types for built-in function 'strdup'
 char strdup ();
      ^
configure:19556: $? = 0
configure:19556: result: yes
configure:19556: checking for strtoul
configure:19556: gcc -o conftest -m32 -Og -g   conftest.c  >&5
configure:19556: $? = 0
configure:19556: result: yes
configure:19556: checking for tsearch
configure:19556: gcc -o conftest -m32 -Og -g   conftest.c  >&5
configure:19556: $? = 0
configure:19556: result: yes
configure:19556: checking for argz_count
configure:19556: gcc -o conftest -m32 -Og -g   conftest.c  >&5
configure:19556: $? = 0
configure:19556: result: yes
configure:19556: checking for argz_stringify
configure:19556: gcc -o conftest -m32 -Og -g   conftest.c  >&5
configure:19556: $? = 0
configure:19556: result: yes
configure:19556: checking for argz_next
configure:19556: gcc -o conftest -m32 -Og -g   conftest.c  >&5
configure:19556: $? = 0
configure:19556: result: yes
configure:19556: checking for __fsetlocking
configure:19556: gcc -o conftest -m32 -Og -g   conftest.c  >&5
configure:19556: $? = 0
configure:19556: result: yes
configure:19567: checking whether feof_unlocked is declared
configure:19587: gcc -c -m32 -Og -g  conftest.c >&5
configure:19587: $? = 0
configure:19594: result: yes
configure:19608: checking whether fgets_unlocked is declared
configure:19628: gcc -c -m32 -Og -g  conftest.c >&5
configure:19628: $? = 0
configure:19635: result: yes
configure:19679: checking for iconv
configure:19701: gcc -o conftest -m32 -Og -g   conftest.c  >&5
configure:19701: $? = 0
configure:19733: result: yes
configure:19736: checking for working iconv
configure:19812: gcc -o conftest -m32 -Og -g   conftest.c  >&5
configure:19812: $? = 0
configure:19812: ./conftest
configure:19812: $? = 0
configure:19824: result: yes
configure:19852: checking for iconv declaration
configure:19881: gcc -c -m32 -Og -g  conftest.c >&5
configure:19881: $? = 0
configure:19892: result: 
         extern size_t iconv (iconv_t cd, char * *inbuf, size_t *inbytesleft, char * *outbuf, size_t *outbytesleft);
configure:19903: checking for NL_LOCALE_NAME macro
configure:19922: gcc -o conftest -m32 -Og -g   conftest.c  >&5
configure:19922: $? = 0
configure:19931: result: yes
configure:19943: checking for bison
configure:19959: found /usr/bin/bison
configure:19970: result: bison
configure:19984: checking version of bison
configure:19993: result: 2.5, ok
configure:20001: checking for long long int
configure:20041: gcc -o conftest -m32 -Og -g   conftest.c  >&5
configure:20041: $? = 0
configure:20071: gcc -o conftest -m32 -Og -g   conftest.c  >&5
configure:20071: $? = 0
configure:20071: ./conftest
configure:20071: $? = 0
configure:20086: result: yes
configure:20095: checking for wchar_t
configure:20112: gcc -c -m32 -Og -g  conftest.c >&5
configure:20112: $? = 0
configure:20119: result: yes
configure:20128: checking for wint_t
configure:20153: gcc -c -m32 -Og -g  conftest.c >&5
configure:20153: $? = 0
configure:20160: result: yes
configure:20171: checking for intmax_t
configure:20197: gcc -c -m32 -Og -g  conftest.c >&5
configure:20197: $? = 0
configure:20204: result: yes
configure:20214: checking whether printf() supports POSIX/XSI format strings
configure:20255: gcc -o conftest -m32 -Og -g   conftest.c  >&5
configure:20255: $? = 0
configure:20255: ./conftest
configure:20255: $? = 0
configure:20266: result: yes
configure:20277: checking whether we are using the GNU C Library 2.1 or newer
configure:20304: result: yes
configure:20313: checking for stdint.h
configure:20313: result: yes
configure:20323: checking for SIZE_MAX
configure:20395: result: yes
configure:20410: checking for stdint.h
configure:20410: result: yes
configure:20422: checking for CFPreferencesCopyAppValue
configure:20440: gcc -o conftest -m32 -Og -g   conftest.c  -Wl,-framework -Wl,CoreFoundation >&5
conftest.c:90:42: fatal error: CoreFoundation/CFPreferences.h: No such file or directory
 #include <CoreFoundation/CFPreferences.h>
                                          ^
compilation terminated.
configure:20440: $? = 1
configure: failed program was:
| /* confdefs.h */
| #define PACKAGE_NAME "hunspell"
| #define PACKAGE_TARNAME "hunspell"
| #define PACKAGE_VERSION "1.3.3"
| #define PACKAGE_STRING "hunspell 1.3.3"
| #define PACKAGE_BUGREPORT "nemeth@numbertext.org"
| #define PACKAGE_URL ""
| #define PACKAGE "hunspell"
| #define VERSION "1.3.3"
| #define STDC_HEADERS 1
| #define HAVE_SYS_TYPES_H 1
| #define HAVE_SYS_STAT_H 1
| #define HAVE_STDLIB_H 1
| #define HAVE_STRING_H 1
| #define HAVE_MEMORY_H 1
| #define HAVE_STRINGS_H 1
| #define HAVE_INTTYPES_H 1
| #define HAVE_STDINT_H 1
| #define HAVE_UNISTD_H 1
| #define HAVE_DLFCN_H 1
| #define LT_OBJDIR ".libs/"
| #define HAVE_FCNTL_H 1
| #define HAVE_LIBINTL_H 1
| #define HAVE_LOCALE_H 1
| #define HAVE_UNISTD_H 1
| #define HAVE_ERROR_H 1
| #define STDC_HEADERS 1
| #define HAVE_MEMCHR 1
| #define HAVE_SETLOCALE 1
| #define HAVE_STRCHR 1
| #define HAVE_STRSTR 1
| #define HAVE_VISIBILITY 1
| #define HAVE_STDINT_H_WITH_UINTMAX 1
| #define HAVE_ALLOCA_H 1
| #define HAVE_ALLOCA 1
| #define HAVE_STDLIB_H 1
| #define HAVE_UNISTD_H 1
| #define HAVE_SYS_PARAM_H 1
| #define HAVE_GETPAGESIZE 1
| #define HAVE_MMAP 1
| #define INTDIV0_RAISES_SIGFPE 1
| #define HAVE_INTTYPES_H_WITH_UINTMAX 1
| #define HAVE_UNSIGNED_LONG_LONG_INT 1
| #define HAVE_UINTMAX_T 1
| #define HAVE_INTTYPES_H 1
| #define __EXTENSIONS__ 1
| #define _ALL_SOURCE 1
| #define _GNU_SOURCE 1
| #define _POSIX_PTHREAD_SEMANTICS 1
| #define _TANDEM_SOURCE 1
| #define USE_POSIX_THREADS 1
| #define USE_POSIX_THREADS_WEAK 1
| #define HAVE_PTHREAD_RWLOCK 1
| #define HAVE_PTHREAD_MUTEX_RECURSIVE 1
| #define HAVE_BUILTIN_EXPECT 1
| #define HAVE_ARGZ_H 1
| #define HAVE_INTTYPES_H 1
| #define HAVE_LIMITS_H 1
| #define HAVE_UNISTD_H 1
| #define HAVE_SYS_PARAM_H 1
| #define HAVE_GETCWD 1
| #define HAVE_GETEGID 1
| #define HAVE_GETEUID 1
| #define HAVE_GETGID 1
| #define HAVE_GETUID 1
| #define HAVE_MEMPCPY 1
| #define HAVE_MUNMAP 1
| #define HAVE_STPCPY 1
| #define HAVE_STRCASECMP 1
| #define HAVE_STRDUP 1
| #define HAVE_STRTOUL 1
| #define HAVE_TSEARCH 1
| #define HAVE_ARGZ_COUNT 1
| #define HAVE_ARGZ_STRINGIFY 1
| #define HAVE_ARGZ_NEXT 1
| #define HAVE___FSETLOCKING 1
| #define HAVE_DECL_FEOF_UNLOCKED 1
| #define HAVE_DECL_FGETS_UNLOCKED 1
| #define HAVE_ICONV 1
| #define ICONV_CONST 
| #define HAVE_NL_LOCALE_NAME 1
| #define HAVE_LONG_LONG_INT 1
| #define HAVE_WCHAR_T 1
| #define HAVE_WINT_T 1
| #define HAVE_INTMAX_T 1
| #define HAVE_POSIX_PRINTF 1
| #define HAVE_STDINT_H 1
| #define HAVE_STDINT_H 1
| /* end confdefs.h.  */
| #include <CoreFoundation/CFPreferences.h>
| int
| main ()
| {
| CFPreferencesCopyAppValue(NULL, NULL)
|   ;
|   return 0;
| }
configure:20449: result: no
configure:20456: checking for CFLocaleCopyCurrent
configure:20474: gcc -o conftest -m32 -Og -g   conftest.c  -Wl,-framework -Wl,CoreFoundation >&5
conftest.c:90:37: fatal error: CoreFoundation/CFLocale.h: No such file or directory
 #include <CoreFoundation/CFLocale.h>
                                     ^
compilation terminated.
configure:20474: $? = 1
configure: failed program was:
| /* confdefs.h */
| #define PACKAGE_NAME "hunspell"
| #define PACKAGE_TARNAME "hunspell"
| #define PACKAGE_VERSION "1.3.3"
| #define PACKAGE_STRING "hunspell 1.3.3"
| #define PACKAGE_BUGREPORT "nemeth@numbertext.org"
| #define PACKAGE_URL ""
| #define PACKAGE "hunspell"
| #define VERSION "1.3.3"
| #define STDC_HEADERS 1
| #define HAVE_SYS_TYPES_H 1
| #define HAVE_SYS_STAT_H 1
| #define HAVE_STDLIB_H 1
| #define HAVE_STRING_H 1
| #define HAVE_MEMORY_H 1
| #define HAVE_STRINGS_H 1
| #define HAVE_INTTYPES_H 1
| #define HAVE_STDINT_H 1
| #define HAVE_UNISTD_H 1
| #define HAVE_DLFCN_H 1
| #define LT_OBJDIR ".libs/"
| #define HAVE_FCNTL_H 1
| #define HAVE_LIBINTL_H 1
| #define HAVE_LOCALE_H 1
| #define HAVE_UNISTD_H 1
| #define HAVE_ERROR_H 1
| #define STDC_HEADERS 1
| #define HAVE_MEMCHR 1
| #define HAVE_SETLOCALE 1
| #define HAVE_STRCHR 1
| #define HAVE_STRSTR 1
| #define HAVE_VISIBILITY 1
| #define HAVE_STDINT_H_WITH_UINTMAX 1
| #define HAVE_ALLOCA_H 1
| #define HAVE_ALLOCA 1
| #define HAVE_STDLIB_H 1
| #define HAVE_UNISTD_H 1
| #define HAVE_SYS_PARAM_H 1
| #define HAVE_GETPAGESIZE 1
| #define HAVE_MMAP 1
| #define INTDIV0_RAISES_SIGFPE 1
| #define HAVE_INTTYPES_H_WITH_UINTMAX 1
| #define HAVE_UNSIGNED_LONG_LONG_INT 1
| #define HAVE_UINTMAX_T 1
| #define HAVE_INTTYPES_H 1
| #define __EXTENSIONS__ 1
| #define _ALL_SOURCE 1
| #define _GNU_SOURCE 1
| #define _POSIX_PTHREAD_SEMANTICS 1
| #define _TANDEM_SOURCE 1
| #define USE_POSIX_THREADS 1
| #define USE_POSIX_THREADS_WEAK 1
| #define HAVE_PTHREAD_RWLOCK 1
| #define HAVE_PTHREAD_MUTEX_RECURSIVE 1
| #define HAVE_BUILTIN_EXPECT 1
| #define HAVE_ARGZ_H 1
| #define HAVE_INTTYPES_H 1
| #define HAVE_LIMITS_H 1
| #define HAVE_UNISTD_H 1
| #define HAVE_SYS_PARAM_H 1
| #define HAVE_GETCWD 1
| #define HAVE_GETEGID 1
| #define HAVE_GETEUID 1
| #define HAVE_GETGID 1
| #define HAVE_GETUID 1
| #define HAVE_MEMPCPY 1
| #define HAVE_MUNMAP 1
| #define HAVE_STPCPY 1
| #define HAVE_STRCASECMP 1
| #define HAVE_STRDUP 1
| #define HAVE_STRTOUL 1
| #define HAVE_TSEARCH 1
| #define HAVE_ARGZ_COUNT 1
| #define HAVE_ARGZ_STRINGIFY 1
| #define HAVE_ARGZ_NEXT 1
| #define HAVE___FSETLOCKING 1
| #define HAVE_DECL_FEOF_UNLOCKED 1
| #define HAVE_DECL_FGETS_UNLOCKED 1
| #define HAVE_ICONV 1
| #define ICONV_CONST 
| #define HAVE_NL_LOCALE_NAME 1
| #define HAVE_LONG_LONG_INT 1
| #define HAVE_WCHAR_T 1
| #define HAVE_WINT_T 1
| #define HAVE_INTMAX_T 1
| #define HAVE_POSIX_PRINTF 1
| #define HAVE_STDINT_H 1
| #define HAVE_STDINT_H 1
| /* end confdefs.h.  */
| #include <CoreFoundation/CFLocale.h>
| int
| main ()
| {
| CFLocaleCopyCurrent();
|   ;
|   return 0;
| }
configure:20483: result: no
configure:20501: checking for ptrdiff_t
configure:20501: gcc -c -m32 -Og -g  conftest.c >&5
configure:20501: $? = 0
configure:20501: gcc -c -m32 -Og -g  conftest.c >&5
conftest.c: In function 'main':
conftest.c:126:24: error: expected expression before ')' token
 if (sizeof ((ptrdiff_t)))
                        ^
configure:20501: $? = 1
configure: failed program was:
| /* confdefs.h */
| #define PACKAGE_NAME "hunspell"
| #define PACKAGE_TARNAME "hunspell"
| #define PACKAGE_VERSION "1.3.3"
| #define PACKAGE_STRING "hunspell 1.3.3"
| #define PACKAGE_BUGREPORT "nemeth@numbertext.org"
| #define PACKAGE_URL ""
| #define PACKAGE "hunspell"
| #define VERSION "1.3.3"
| #define STDC_HEADERS 1
| #define HAVE_SYS_TYPES_H 1
| #define HAVE_SYS_STAT_H 1
| #define HAVE_STDLIB_H 1
| #define HAVE_STRING_H 1
| #define HAVE_MEMORY_H 1
| #define HAVE_STRINGS_H 1
| #define HAVE_INTTYPES_H 1
| #define HAVE_STDINT_H 1
| #define HAVE_UNISTD_H 1
| #define HAVE_DLFCN_H 1
| #define LT_OBJDIR ".libs/"
| #define HAVE_FCNTL_H 1
| #define HAVE_LIBINTL_H 1
| #define HAVE_LOCALE_H 1
| #define HAVE_UNISTD_H 1
| #define HAVE_ERROR_H 1
| #define STDC_HEADERS 1
| #define HAVE_MEMCHR 1
| #define HAVE_SETLOCALE 1
| #define HAVE_STRCHR 1
| #define HAVE_STRSTR 1
| #define HAVE_VISIBILITY 1
| #define HAVE_STDINT_H_WITH_UINTMAX 1
| #define HAVE_ALLOCA_H 1
| #define HAVE_ALLOCA 1
| #define HAVE_STDLIB_H 1
| #define HAVE_UNISTD_H 1
| #define HAVE_SYS_PARAM_H 1
| #define HAVE_GETPAGESIZE 1
| #define HAVE_MMAP 1
| #define INTDIV0_RAISES_SIGFPE 1
| #define HAVE_INTTYPES_H_WITH_UINTMAX 1
| #define HAVE_UNSIGNED_LONG_LONG_INT 1
| #define HAVE_UINTMAX_T 1
| #define HAVE_INTTYPES_H 1
| #define __EXTENSIONS__ 1
| #define _ALL_SOURCE 1
| #define _GNU_SOURCE 1
| #define _POSIX_PTHREAD_SEMANTICS 1
| #define _TANDEM_SOURCE 1
| #define USE_POSIX_THREADS 1
| #define USE_POSIX_THREADS_WEAK 1
| #define HAVE_PTHREAD_RWLOCK 1
| #define HAVE_PTHREAD_MUTEX_RECURSIVE 1
| #define HAVE_BUILTIN_EXPECT 1
| #define HAVE_ARGZ_H 1
| #define HAVE_INTTYPES_H 1
| #define HAVE_LIMITS_H 1
| #define HAVE_UNISTD_H 1
| #define HAVE_SYS_PARAM_H 1
| #define HAVE_GETCWD 1
| #define HAVE_GETEGID 1
| #define HAVE_GETEUID 1
| #define HAVE_GETGID 1
| #define HAVE_GETUID 1
| #define HAVE_MEMPCPY 1
| #define HAVE_MUNMAP 1
| #define HAVE_STPCPY 1
| #define HAVE_STRCASECMP 1
| #define HAVE_STRDUP 1
| #define HAVE_STRTOUL 1
| #define HAVE_TSEARCH 1
| #define HAVE_ARGZ_COUNT 1
| #define HAVE_ARGZ_STRINGIFY 1
| #define HAVE_ARGZ_NEXT 1
| #define HAVE___FSETLOCKING 1
| #define HAVE_DECL_FEOF_UNLOCKED 1
| #define HAVE_DECL_FGETS_UNLOCKED 1
| #define HAVE_ICONV 1
| #define ICONV_CONST 
| #define HAVE_NL_LOCALE_NAME 1
| #define HAVE_LONG_LONG_INT 1
| #define HAVE_WCHAR_T 1
| #define HAVE_WINT_T 1
| #define HAVE_INTMAX_T 1
| #define HAVE_POSIX_PRINTF 1
| #define HAVE_STDINT_H 1
| #define HAVE_STDINT_H 1
| /* end confdefs.h.  */
| #include <stdio.h>
| #ifdef HAVE_SYS_TYPES_H
| # include <sys/types.h>
| #endif
| #ifdef HAVE_SYS_STAT_H
| # include <sys/stat.h>
| #endif
| #ifdef STDC_HEADERS
| # include <stdlib.h>
| # include <stddef.h>
| #else
| # ifdef HAVE_STDLIB_H
| #  include <stdlib.h>
| # endif
| #endif
| #ifdef HAVE_STRING_H
| # if !defined STDC_HEADERS && defined HAVE_MEMORY_H
| #  include <memory.h>
| # endif
| # include <string.h>
| #endif
| #ifdef HAVE_STRINGS_H
| # include <strings.h>
| #endif
| #ifdef HAVE_INTTYPES_H
| # include <inttypes.h>
| #endif
| #ifdef HAVE_STDINT_H
| # include <stdint.h>
| #endif
| #ifdef HAVE_UNISTD_H
| # include <unistd.h>
| #endif
| int
| main ()
| {
| if (sizeof ((ptrdiff_t)))
| 	    return 0;
|   ;
|   return 0;
| }
configure:20501: result: yes
configure:20514: checking stddef.h usability
configure:20514: gcc -c -m32 -Og -g  conftest.c >&5
configure:20514: $? = 0
configure:20514: result: yes
configure:20514: checking stddef.h presence
configure:20514: gcc -E  conftest.c
configure:20514: $? = 0
configure:20514: result: yes
configure:20514: checking for stddef.h
configure:20514: result: yes
configure:20514: checking for stdlib.h
configure:20514: result: yes
configure:20514: checking for string.h
configure:20514: result: yes
configure:20527: checking for asprintf
configure:20527: gcc -o conftest -m32 -Og -g   conftest.c  >&5
configure:20527: $? = 0
configure:20527: result: yes
configure:20527: checking for fwprintf
configure:20527: gcc -o conftest -m32 -Og -g   conftest.c  >&5
configure:20527: $? = 0
configure:20527: result: yes
configure:20527: checking for putenv
configure:20527: gcc -o conftest -m32 -Og -g   conftest.c  >&5
configure:20527: $? = 0
configure:20527: result: yes
configure:20527: checking for setenv
configure:20527: gcc -o conftest -m32 -Og -g   conftest.c  >&5
configure:20527: $? = 0
configure:20527: result: yes
configure:20527: checking for setlocale
configure:20527: result: yes
configure:20527: checking for snprintf
configure:20527: gcc -o conftest -m32 -Og -g   conftest.c  >&5
conftest.c:121:6: warning: conflicting types for built-in function 'snprintf'
 char snprintf ();
      ^
configure:20527: $? = 0
configure:20527: result: yes
configure:20527: checking for wcslen
configure:20527: gcc -o conftest -m32 -Og -g   conftest.c  >&5
configure:20527: $? = 0
configure:20527: result: yes
configure:20538: checking whether _snprintf is declared
configure:20558: gcc -c -m32 -Og -g  conftest.c >&5
conftest.c: In function 'main':
conftest.c:106:22: error: '_snprintf' undeclared (first use in this function)
   char *p = (char *) _snprintf;
                      ^
conftest.c:106:22: note: each undeclared identifier is reported only once for each function it appears in
configure:20558: $? = 1
configure: failed program was:
| /* confdefs.h */
| #define PACKAGE_NAME "hunspell"
| #define PACKAGE_TARNAME "hunspell"
| #define PACKAGE_VERSION "1.3.3"
| #define PACKAGE_STRING "hunspell 1.3.3"
| #define PACKAGE_BUGREPORT "nemeth@numbertext.org"
| #define PACKAGE_URL ""
| #define PACKAGE "hunspell"
| #define VERSION "1.3.3"
| #define STDC_HEADERS 1
| #define HAVE_SYS_TYPES_H 1
| #define HAVE_SYS_STAT_H 1
| #define HAVE_STDLIB_H 1
| #define HAVE_STRING_H 1
| #define HAVE_MEMORY_H 1
| #define HAVE_STRINGS_H 1
| #define HAVE_INTTYPES_H 1
| #define HAVE_STDINT_H 1
| #define HAVE_UNISTD_H 1
| #define HAVE_DLFCN_H 1
| #define LT_OBJDIR ".libs/"
| #define HAVE_FCNTL_H 1
| #define HAVE_LIBINTL_H 1
| #define HAVE_LOCALE_H 1
| #define HAVE_UNISTD_H 1
| #define HAVE_ERROR_H 1
| #define STDC_HEADERS 1
| #define HAVE_MEMCHR 1
| #define HAVE_SETLOCALE 1
| #define HAVE_STRCHR 1
| #define HAVE_STRSTR 1
| #define HAVE_VISIBILITY 1
| #define HAVE_STDINT_H_WITH_UINTMAX 1
| #define HAVE_ALLOCA_H 1
| #define HAVE_ALLOCA 1
| #define HAVE_STDLIB_H 1
| #define HAVE_UNISTD_H 1
| #define HAVE_SYS_PARAM_H 1
| #define HAVE_GETPAGESIZE 1
| #define HAVE_MMAP 1
| #define INTDIV0_RAISES_SIGFPE 1
| #define HAVE_INTTYPES_H_WITH_UINTMAX 1
| #define HAVE_UNSIGNED_LONG_LONG_INT 1
| #define HAVE_UINTMAX_T 1
| #define HAVE_INTTYPES_H 1
| #define __EXTENSIONS__ 1
| #define _ALL_SOURCE 1
| #define _GNU_SOURCE 1
| #define _POSIX_PTHREAD_SEMANTICS 1
| #define _TANDEM_SOURCE 1
| #define USE_POSIX_THREADS 1
| #define USE_POSIX_THREADS_WEAK 1
| #define HAVE_PTHREAD_RWLOCK 1
| #define HAVE_PTHREAD_MUTEX_RECURSIVE 1
| #define HAVE_BUILTIN_EXPECT 1
| #define HAVE_ARGZ_H 1
| #define HAVE_INTTYPES_H 1
| #define HAVE_LIMITS_H 1
| #define HAVE_UNISTD_H 1
| #define HAVE_SYS_PARAM_H 1
| #define HAVE_GETCWD 1
| #define HAVE_GETEGID 1
| #define HAVE_GETEUID 1
| #define HAVE_GETGID 1
| #define HAVE_GETUID 1
| #define HAVE_MEMPCPY 1
| #define HAVE_MUNMAP 1
| #define HAVE_STPCPY 1
| #define HAVE_STRCASECMP 1
| #define HAVE_STRDUP 1
| #define HAVE_STRTOUL 1
| #define HAVE_TSEARCH 1
| #define HAVE_ARGZ_COUNT 1
| #define HAVE_ARGZ_STRINGIFY 1
| #define HAVE_ARGZ_NEXT 1
| #define HAVE___FSETLOCKING 1
| #define HAVE_DECL_FEOF_UNLOCKED 1
| #define HAVE_DECL_FGETS_UNLOCKED 1
| #define HAVE_ICONV 1
| #define ICONV_CONST 
| #define HAVE_NL_LOCALE_NAME 1
| #define HAVE_LONG_LONG_INT 1
| #define HAVE_WCHAR_T 1
| #define HAVE_WINT_T 1
| #define HAVE_INTMAX_T 1
| #define HAVE_POSIX_PRINTF 1
| #define HAVE_STDINT_H 1
| #define HAVE_STDINT_H 1
| #define HAVE_STDDEF_H 1
| #define HAVE_STDLIB_H 1
| #define HAVE_STRING_H 1
| #define HAVE_ASPRINTF 1
| #define HAVE_FWPRINTF 1
| #define HAVE_PUTENV 1
| #define HAVE_SETENV 1
| #define HAVE_SETLOCALE 1
| #define HAVE_SNPRINTF 1
| #define HAVE_WCSLEN 1
| /* end confdefs.h.  */
| #include <stdio.h>
| int
| main ()
| {
| 
| #ifndef _snprintf
|   char *p = (char *) _snprintf;
| #endif
| 
|   ;
|   return 0;
| }
configure:20565: result: no
configure:20579: checking whether _snwprintf is declared
configure:20599: gcc -c -m32 -Og -g  conftest.c >&5
conftest.c: In function 'main':
conftest.c:107:22: error: '_snwprintf' undeclared (first use in this function)
   char *p = (char *) _snwprintf;
                      ^
conftest.c:107:22: note: each undeclared identifier is reported only once for each function it appears in
configure:20599: $? = 1
configure: failed program was:
| /* confdefs.h */
| #define PACKAGE_NAME "hunspell"
| #define PACKAGE_TARNAME "hunspell"
| #define PACKAGE_VERSION "1.3.3"
| #define PACKAGE_STRING "hunspell 1.3.3"
| #define PACKAGE_BUGREPORT "nemeth@numbertext.org"
| #define PACKAGE_URL ""
| #define PACKAGE "hunspell"
| #define VERSION "1.3.3"
| #define STDC_HEADERS 1
| #define HAVE_SYS_TYPES_H 1
| #define HAVE_SYS_STAT_H 1
| #define HAVE_STDLIB_H 1
| #define HAVE_STRING_H 1
| #define HAVE_MEMORY_H 1
| #define HAVE_STRINGS_H 1
| #define HAVE_INTTYPES_H 1
| #define HAVE_STDINT_H 1
| #define HAVE_UNISTD_H 1
| #define HAVE_DLFCN_H 1
| #define LT_OBJDIR ".libs/"
| #define HAVE_FCNTL_H 1
| #define HAVE_LIBINTL_H 1
| #define HAVE_LOCALE_H 1
| #define HAVE_UNISTD_H 1
| #define HAVE_ERROR_H 1
| #define STDC_HEADERS 1
| #define HAVE_MEMCHR 1
| #define HAVE_SETLOCALE 1
| #define HAVE_STRCHR 1
| #define HAVE_STRSTR 1
| #define HAVE_VISIBILITY 1
| #define HAVE_STDINT_H_WITH_UINTMAX 1
| #define HAVE_ALLOCA_H 1
| #define HAVE_ALLOCA 1
| #define HAVE_STDLIB_H 1
| #define HAVE_UNISTD_H 1
| #define HAVE_SYS_PARAM_H 1
| #define HAVE_GETPAGESIZE 1
| #define HAVE_MMAP 1
| #define INTDIV0_RAISES_SIGFPE 1
| #define HAVE_INTTYPES_H_WITH_UINTMAX 1
| #define HAVE_UNSIGNED_LONG_LONG_INT 1
| #define HAVE_UINTMAX_T 1
| #define HAVE_INTTYPES_H 1
| #define __EXTENSIONS__ 1
| #define _ALL_SOURCE 1
| #define _GNU_SOURCE 1
| #define _POSIX_PTHREAD_SEMANTICS 1
| #define _TANDEM_SOURCE 1
| #define USE_POSIX_THREADS 1
| #define USE_POSIX_THREADS_WEAK 1
| #define HAVE_PTHREAD_RWLOCK 1
| #define HAVE_PTHREAD_MUTEX_RECURSIVE 1
| #define HAVE_BUILTIN_EXPECT 1
| #define HAVE_ARGZ_H 1
| #define HAVE_INTTYPES_H 1
| #define HAVE_LIMITS_H 1
| #define HAVE_UNISTD_H 1
| #define HAVE_SYS_PARAM_H 1
| #define HAVE_GETCWD 1
| #define HAVE_GETEGID 1
| #define HAVE_GETEUID 1
| #define HAVE_GETGID 1
| #define HAVE_GETUID 1
| #define HAVE_MEMPCPY 1
| #define HAVE_MUNMAP 1
| #define HAVE_STPCPY 1
| #define HAVE_STRCASECMP 1
| #define HAVE_STRDUP 1
| #define HAVE_STRTOUL 1
| #define HAVE_TSEARCH 1
| #define HAVE_ARGZ_COUNT 1
| #define HAVE_ARGZ_STRINGIFY 1
| #define HAVE_ARGZ_NEXT 1
| #define HAVE___FSETLOCKING 1
| #define HAVE_DECL_FEOF_UNLOCKED 1
| #define HAVE_DECL_FGETS_UNLOCKED 1
| #define HAVE_ICONV 1
| #define ICONV_CONST 
| #define HAVE_NL_LOCALE_NAME 1
| #define HAVE_LONG_LONG_INT 1
| #define HAVE_WCHAR_T 1
| #define HAVE_WINT_T 1
| #define HAVE_INTMAX_T 1
| #define HAVE_POSIX_PRINTF 1
| #define HAVE_STDINT_H 1
| #define HAVE_STDINT_H 1
| #define HAVE_STDDEF_H 1
| #define HAVE_STDLIB_H 1
| #define HAVE_STRING_H 1
| #define HAVE_ASPRINTF 1
| #define HAVE_FWPRINTF 1
| #define HAVE_PUTENV 1
| #define HAVE_SETENV 1
| #define HAVE_SETLOCALE 1
| #define HAVE_SNPRINTF 1
| #define HAVE_WCSLEN 1
| #define HAVE_DECL__SNPRINTF 0
| /* end confdefs.h.  */
| #include <stdio.h>
| int
| main ()
| {
| 
| #ifndef _snwprintf
|   char *p = (char *) _snwprintf;
| #endif
| 
|   ;
|   return 0;
| }
configure:20606: result: no
configure:20621: checking whether getc_unlocked is declared
configure:20641: gcc -c -m32 -Og -g  conftest.c >&5
configure:20641: $? = 0
configure:20648: result: yes
configure:20687: checking for nl_langinfo and CODESET
configure:20703: gcc -o conftest -m32 -Og -g   conftest.c  >&5
configure:20703: $? = 0
configure:20712: result: yes
configure:20721: checking for LC_MESSAGES
configure:20737: gcc -o conftest -m32 -Og -g   conftest.c  >&5
configure:20737: $? = 0
configure:20745: result: yes
configure:20896: checking for CFPreferencesCopyAppValue
configure:20923: result: no
configure:20930: checking for CFLocaleCopyCurrent
configure:20957: result: no
configure:20992: checking whether included gettext is requested
configure:21002: result: no
configure:21025: checking for GNU gettext in libc
configure:21045: gcc -o conftest -m32 -Og -g   conftest.c  >&5
configure:21045: $? = 0
configure:21054: result: yes
configure:21617: checking whether to use NLS
configure:21619: result: yes
configure:21622: checking where the gettext function comes from
configure:21633: result: libc
configure:22159: checking that generated files are newer than configure
configure:22165: result: done
configure:22192: creating ./config.status

## ---------------- ##
## Cache variables. ##
## ---------------- ##

ac_cv_build=i686-pc-linux-gnu
ac_cv_c_compiler_gnu=yes
ac_cv_c_const=yes
ac_cv_c_inline=inline
ac_cv_cxx_compiler_gnu=yes
ac_cv_env_CCC_set=
ac_cv_env_CCC_value=
ac_cv_env_CC_set=
ac_cv_env_CC_value=
ac_cv_env_CFLAGS_set=set
ac_cv_env_CFLAGS_value='-m32 -Og -g'
ac_cv_env_CPPFLAGS_set=
ac_cv_env_CPPFLAGS_value=
ac_cv_env_CPP_set=
ac_cv_env_CPP_value=
ac_cv_env_CXXCPP_set=
ac_cv_env_CXXCPP_value=
ac_cv_env_CXXFLAGS_set=set
ac_cv_env_CXXFLAGS_value='-m32 -Og -g -std=c++11'
ac_cv_env_CXX_set=
ac_cv_env_CXX_value=
ac_cv_env_LDFLAGS_set=
ac_cv_env_LDFLAGS_value=
ac_cv_env_LIBS_set=
ac_cv_env_LIBS_value=
ac_cv_env_LT_SYS_LIBRARY_PATH_set=
ac_cv_env_LT_SYS_LIBRARY_PATH_value=
ac_cv_env_build_alias_set=
ac_cv_env_build_alias_value=
ac_cv_env_host_alias_set=
ac_cv_env_host_alias_value=
ac_cv_env_target_alias_set=
ac_cv_env_target_alias_value=
ac_cv_func___fsetlocking=yes
ac_cv_func_alloca_works=yes
ac_cv_func_argz_count=yes
ac_cv_func_argz_next=yes
ac_cv_func_argz_stringify=yes
ac_cv_func_asprintf=yes
ac_cv_func_fwprintf=yes
ac_cv_func_getcwd=yes
ac_cv_func_getegid=yes
ac_cv_func_geteuid=yes
ac_cv_func_getgid=yes
ac_cv_func_getpagesize=yes
ac_cv_func_getuid=yes
ac_cv_func_memchr=yes
ac_cv_func_mempcpy=yes
ac_cv_func_mmap_fixed_mapped=yes
ac_cv_func_munmap=yes
ac_cv_func_putenv=yes
ac_cv_func_setenv=yes
ac_cv_func_setlocale=yes
ac_cv_func_snprintf=yes
ac_cv_func_stpcpy=yes
ac_cv_func_strcasecmp=yes
ac_cv_func_strchr=yes
ac_cv_func_strdup=yes
ac_cv_func_strstr=yes
ac_cv_func_strtoul=yes
ac_cv_func_tsearch=yes
ac_cv_func_wcslen=yes
ac_cv_gnu_library_2=yes
ac_cv_gnu_library_2_1=yes
ac_cv_have_decl__snprintf=no
ac_cv_have_decl__snwprintf=no
ac_cv_have_decl_feof_unlocked=yes
ac_cv_have_decl_fgets_unlocked=yes
ac_cv_have_decl_getc_unlocked=yes
ac_cv_header_argz_h=yes
ac_cv_header_dlfcn_h=yes
ac_cv_header_error_h=yes
ac_cv_header_fcntl_h=yes
ac_cv_header_inttypes_h=yes
ac_cv_header_libintl_h=yes
ac_cv_header_limits_h=yes
ac_cv_header_locale_h=yes
ac_cv_header_memory_h=yes
ac_cv_header_minix_config_h=no
ac_cv_header_pthread_h=yes
ac_cv_header_stdc=yes
ac_cv_header_stddef_h=yes
ac_cv_header_stdint_h=yes
ac_cv_header_stdlib_h=yes
ac_cv_header_string_h=yes
ac_cv_header_strings_h=yes
ac_cv_header_sys_param_h=yes
ac_cv_header_sys_stat_h=yes
ac_cv_header_sys_types_h=yes
ac_cv_header_unistd_h=yes
ac_cv_host=i686-pc-linux-gnu
ac_cv_lib_error_at_line=yes
ac_cv_lib_pthread_pthread_kill=yes
ac_cv_objext=o
ac_cv_path_EGREP='/bin/grep -E'
ac_cv_path_FGREP='/bin/grep -F'
ac_cv_path_GMSGFMT=/usr/bin/msgfmt
ac_cv_path_GREP=/bin/grep
ac_cv_path_MSGFMT=/usr/bin/msgfmt
ac_cv_path_MSGMERGE=/usr/bin/msgmerge
ac_cv_path_SED=/bin/sed
ac_cv_path_XGETTEXT=/usr/bin/xgettext
ac_cv_path_install='/usr/bin/install -c'
ac_cv_path_lt_DD=/bin/dd
ac_cv_path_mkdir=/bin/mkdir
ac_cv_prog_AWK=gawk
ac_cv_prog_CPP='gcc -E'
ac_cv_prog_CXXCPP='g++ -E'
ac_cv_prog_INTLBISON=bison
ac_cv_prog_ac_ct_AR=ar
ac_cv_prog_ac_ct_CC=gcc
ac_cv_prog_ac_ct_CXX=g++
ac_cv_prog_ac_ct_MANIFEST_TOOL=mt
ac_cv_prog_ac_ct_OBJDUMP=objdump
ac_cv_prog_ac_ct_RANLIB=ranlib
ac_cv_prog_ac_ct_STRIP=strip
ac_cv_prog_cc_c89=
ac_cv_prog_cc_g=yes
ac_cv_prog_cxx_g=yes
ac_cv_prog_make_make_set=yes
ac_cv_safe_to_define___extensions__=yes
ac_cv_target=i686-pc-linux-gnu
ac_cv_type_long_long_int=yes
ac_cv_type_pthread_rwlock_t=yes
ac_cv_type_ptrdiff_t=yes
ac_cv_type_size_t=yes
ac_cv_type_unsigned_long_long_int=yes
ac_cv_working_alloca_h=yes
acl_cv_hardcode_direct=no
acl_cv_hardcode_libdir_flag_spec='${wl}-rpath ${wl}$libdir'
acl_cv_hardcode_libdir_separator=
acl_cv_hardcode_minus_L=no
acl_cv_libext=a
acl_cv_libname_spec='lib$name'
acl_cv_library_names_spec='$libname$shrext'
acl_cv_path_LD=/usr/bin/ld
acl_cv_prog_gnu_ld=yes
acl_cv_rpath=done
acl_cv_shlibext=so
acl_cv_wl=-Wl,
am_cv_CC_dependencies_compiler_type=gcc3
am_cv_CXX_dependencies_compiler_type=gcc3
am_cv_func_iconv=yes
am_cv_func_iconv_works=yes
am_cv_langinfo_codeset=yes
am_cv_lib_iconv=no
am_cv_make_support_nested_variables=yes
am_cv_prog_cc_c_o=yes
am_cv_proto_iconv='extern size_t iconv (iconv_t cd, char * *inbuf, size_t *inbytesleft, char * *outbuf, size_t *outbytesleft);'
am_cv_proto_iconv_arg1=
gl_cv_cc_visibility=yes
gl_cv_header_inttypes_h=yes
gl_cv_header_stdint_h=yes
gl_cv_size_max=yes
gt_cv_c_intmax_t=yes
gt_cv_c_wchar_t=yes
gt_cv_c_wint_t=yes
gt_cv_func_CFLocaleCopyCurrent=no
gt_cv_func_CFPreferencesCopyAppValue=no
gt_cv_func_gnugettext1_libc=yes
gt_cv_func_printf_posix=yes
gt_cv_int_divbyzero_sigfpe=yes
gt_cv_inttypes_pri_broken=no
gt_cv_nl_locale_name=yes
gt_cv_val_LC_MESSAGES=yes
lt_cv_ar_at_file=@
lt_cv_archive_cmds_need_lc=no
lt_cv_deplibs_check_method=pass_all
lt_cv_file_magic_cmd='$MAGIC_CMD'
lt_cv_file_magic_test_file=
lt_cv_ld_reload_flag=-r
lt_cv_nm_interface='BSD nm'
lt_cv_objdir=.libs
lt_cv_path_LD=/usr/bin/ld
lt_cv_path_LDCXX=/usr/bin/ld
lt_cv_path_NM='/usr/bin/nm -B'
lt_cv_path_mainfest_tool=no
lt_cv_prog_compiler_c_o=yes
lt_cv_prog_compiler_c_o_CXX=yes
lt_cv_prog_compiler_pic='-fPIC -DPIC'
lt_cv_prog_compiler_pic_CXX='-fPIC -DPIC'
lt_cv_prog_compiler_pic_works=yes
lt_cv_prog_compiler_pic_works_CXX=yes
lt_cv_prog_compiler_rtti_exceptions=no
lt_cv_prog_compiler_static_works=yes
lt_cv_prog_compiler_static_works_CXX=yes
lt_cv_prog_gnu_ld=yes
lt_cv_prog_gnu_ldcxx=yes
lt_cv_sharedlib_from_linklib_cmd='printf %s\n'
lt_cv_shlibpath_overrides_runpath=no
lt_cv_sys_global_symbol_pipe='sed -n -e '\''s/^.*[	 ]\([ABCDGIRSTW][ABCDGIRSTW]*\)[	 ][	 ]*\([_A-Za-z][_A-Za-z0-9]*\)$/\1 \2 \2/p'\'' | sed '\''/ __gnu_lto/d'\'''
lt_cv_sys_global_symbol_to_c_name_address='sed -n -e '\''s/^: \(.*\) .*$/  {"\1", (void *) 0},/p'\'' -e '\''s/^[ABCDGIRSTW][ABCDGIRSTW]* .* \(.*\)$/  {"\1", (void *) \&\1},/p'\'''
lt_cv_sys_global_symbol_to_c_name_address_lib_prefix='sed -n -e '\''s/^: \(.*\) .*$/  {"\1", (void *) 0},/p'\'' -e '\''s/^[ABCDGIRSTW][ABCDGIRSTW]* .* \(lib.*\)$/  {"\1", (void *) \&\1},/p'\'' -e '\''s/^[ABCDGIRSTW][ABCDGIRSTW]* .* \(.*\)$/  {"lib\1", (void *) \&\1},/p'\'''
lt_cv_sys_global_symbol_to_cdecl='sed -n -e '\''s/^T .* \(.*\)$/extern int \1();/p'\'' -e '\''s/^[ABCDGIRSTW][ABCDGIRSTW]* .* \(.*\)$/extern char \1;/p'\'''
lt_cv_sys_global_symbol_to_import=
lt_cv_sys_max_cmd_len=805306365
lt_cv_to_host_file_cmd=func_convert_file_noop
lt_cv_to_tool_file_cmd=func_convert_file_noop
lt_cv_truncate_bin='/bin/dd bs=4096 count=1'
nls_cv_force_use_gnu_gettext=no
nls_cv_header_intl=
nls_cv_header_libgt=
nls_cv_use_gnu_gettext=no

## ----------------- ##
## Output variables. ##
## ----------------- ##

ACLOCAL='${SHELL} /home/tom/src/ideal-eureka/3p-hunspell/hunspell/missing aclocal-1.14'
ALLOCA=''
AMDEPBACKSLASH='\'
AMDEP_FALSE='#'
AMDEP_TRUE=''
AMTAR='$${TAR-tar}'
AM_BACKSLASH='\'
AM_DEFAULT_V='$(AM_DEFAULT_VERBOSITY)'
AM_DEFAULT_VERBOSITY='1'
AM_V='$(V)'
AR='ar'
AS='as'
AUTOCONF='${SHELL} /home/tom/src/ideal-eureka/3p-hunspell/hunspell/missing autoconf'
AUTOHEADER='${SHELL} /home/tom/src/ideal-eureka/3p-hunspell/hunspell/missing autoheader'
AUTOMAKE='${SHELL} /home/tom/src/ideal-eureka/3p-hunspell/hunspell/missing automake-1.14'
AWK='gawk'
BUILD_INCLUDED_LIBINTL='no'
CATOBJEXT='.gmo'
CC='gcc'
CCDEPMODE='depmode=gcc3'
CFLAGS='-m32 -Og -g'
CFLAG_VISIBILITY='-fvisibility=hidden'
CPP='gcc -E'
CPPFLAGS=''
CURSESLIB=''
CXX='g++'
CXXCPP='g++ -E'
CXXDEPMODE='depmode=gcc3'
CXXFLAGS='-m32 -Og -g -std=c++11'
CYGPATH_W='echo'
DATADIRNAME='share'
DEFS='-DHAVE_CONFIG_H'
DEPDIR='.deps'
DLLTOOL='false'
DSYMUTIL=''
DUMPBIN=''
ECHO_C=''
ECHO_N='-n'
ECHO_T=''
EGREP='/bin/grep -E'
EXEEXT=''
FGREP='/bin/grep -F'
GENCAT='gencat'
GETTEXT_MACRO_VERSION='0.17'
GLIBC21='yes'
GLIBC2='yes'
GMSGFMT='/usr/bin/msgfmt'
GMSGFMT_015='/usr/bin/msgfmt'
GREP='/bin/grep'
HAVE_ASPRINTF='1'
HAVE_POSIX_PRINTF='1'
HAVE_SNPRINTF='1'
HAVE_VISIBILITY='1'
HAVE_WPRINTF='0'
HUNSPELL_VERSION_MAJOR='1'
HUNSPELL_VERSION_MINOR='3'
INSTALL_DATA='${INSTALL} -m 644'
INSTALL_PROGRAM='${INSTALL}'
INSTALL_SCRIPT='${INSTALL}'
INSTALL_STRIP_PROGRAM='$(install_sh) -c -s'
INSTOBJEXT='.mo'
INTLBISON='bison'
INTLLIBS=''
INTLOBJS=''
INTL_LIBTOOL_SUFFIX_PREFIX=''
INTL_MACOSX_LIBS=''
LD='/usr/bin/ld'
LDFLAGS=''
LIBICONV=''
LIBINTL=''
LIBMULTITHREAD='-lpthread'
LIBOBJS=''
LIBPTH=''
LIBPTH_PREFIX=''
LIBS=''
LIBTHREAD=''
LIBTOOL='$(SHELL) $(top_builddir)/libtool'
LIPO=''
LN_S='ln -s'
LTLIBC='-lc'
LTLIBICONV=''
LTLIBINTL=''
LTLIBMULTITHREAD='-lpthread'
LTLIBOBJS=''
LTLIBPTH=''
LTLIBTHREAD=''
LT_SYS_LIBRARY_PATH=''
MAKEINFO='${SHELL} /home/tom/src/ideal-eureka/3p-hunspell/hunspell/missing makeinfo'
MANIFEST_TOOL=':'
MKDIR_P='/bin/mkdir -p'
MSGFMT='/usr/bin/msgfmt'
MSGFMT_015='/usr/bin/msgfmt'
MSGMERGE='/usr/bin/msgmerge'
NM='/usr/bin/nm -B'
NMEDIT=''
OBJDUMP='objdump'
OBJEXT='o'
OTOOL64=''
OTOOL=''
PACKAGE='hunspell'
PACKAGE_BUGREPORT='nemeth@numbertext.org'
PACKAGE_NAME='hunspell'
PACKAGE_STRING='hunspell 1.3.3'
PACKAGE_TARNAME='hunspell'
PACKAGE_URL=''
PACKAGE_VERSION='1.3.3'
PATH_SEPARATOR=':'
POSUB='po'
PRI_MACROS_BROKEN='0'
RANLIB='ranlib'
READLINELIB=''
SED='/bin/sed'
SET_MAKE=''
SHELL='/bin/bash'
STRIP='strip'
USE_INCLUDED_LIBINTL='no'
USE_NLS='yes'
VERSION='1.3.3'
WINDRES=''
WOE32='no'
WOE32DLL='no'
XFAILED=''
XGETTEXT='/usr/bin/xgettext'
XGETTEXT_015='/usr/bin/xgettext'
XGETTEXT_EXTRA_OPTIONS=''
ac_ct_AR='ar'
ac_ct_CC='gcc'
ac_ct_CXX='g++'
ac_ct_DUMPBIN=''
am__EXEEXT_FALSE=''
am__EXEEXT_TRUE='#'
am__fastdepCC_FALSE='#'
am__fastdepCC_TRUE=''
am__fastdepCXX_FALSE='#'
am__fastdepCXX_TRUE=''
am__include='include'
am__isrc=''
am__leading_dot='.'
am__nodep='_no'
am__quote=''
am__tar='$${TAR-tar} chof - "$$tardir"'
am__untar='$${TAR-tar} xf -'
bindir='${exec_prefix}/bin'
build='i686-pc-linux-gnu'
build_alias=''
build_cpu='i686'
build_os='linux-gnu'
build_vendor='pc'
datadir='${datarootdir}'
datarootdir='${prefix}/share'
docdir='${datarootdir}/doc/${PACKAGE_TARNAME}'
dvidir='${docdir}'
exec_prefix='${prefix}'
host='i686-pc-linux-gnu'
host_alias=''
host_cpu='i686'
host_os='linux-gnu'
host_vendor='pc'
htmldir='${docdir}'
includedir='${prefix}/include'
infodir='${datarootdir}/info'
install_sh='${SHELL} /home/tom/src/ideal-eureka/3p-hunspell/hunspell/install-sh'
libdir='/home/tom/src/ideal-eureka/3p-hunspell/stage/lib/debug'
libexecdir='${exec_prefix}/libexec'
localedir='${datarootdir}/locale'
localstatedir='${prefix}/var'
mandir='${datarootdir}/man'
mkdir_p='/bin/mkdir -p'
oldincludedir='/usr/include'
pdfdir='${docdir}'
prefix='/home/tom/src/ideal-eureka/3p-hunspell/stage'
program_transform_name='s,x,x,'
psdir='${docdir}'
sbindir='${exec_prefix}/sbin'
sharedstatedir='${prefix}/com'
sysconfdir='${prefix}/etc'
target='i686-pc-linux-gnu'
target_alias=''
target_cpu='i686'
target_os='linux-gnu'
target_vendor='pc'

## ----------- ##
## confdefs.h. ##
## ----------- ##

/* confdefs.h */
#define PACKAGE_NAME "hunspell"
#define PACKAGE_TARNAME "hunspell"
#define PACKAGE_VERSION "1.3.3"
#define PACKAGE_STRING "hunspell 1.3.3"
#define PACKAGE_BUGREPORT "nemeth@numbertext.org"
#define PACKAGE_URL ""
#define PACKAGE "hunspell"
#define VERSION "1.3.3"
#define STDC_HEADERS 1
#define HAVE_SYS_TYPES_H 1
#define HAVE_SYS_STAT_H 1
#define HAVE_STDLIB_H 1
#define HAVE_STRING_H 1
#define HAVE_MEMORY_H 1
#define HAVE_STRINGS_H 1
#define HAVE_INTTYPES_H 1
#define HAVE_STDINT_H 1
#define HAVE_UNISTD_H 1
#define HAVE_DLFCN_H 1
#define LT_OBJDIR ".libs/"
#define HAVE_FCNTL_H 1
#define HAVE_LIBINTL_H 1
#define HAVE_LOCALE_H 1
#define HAVE_UNISTD_H 1
#define HAVE_ERROR_H 1
#define STDC_HEADERS 1
#define HAVE_MEMCHR 1
#define HAVE_SETLOCALE 1
#define HAVE_STRCHR 1
#define HAVE_STRSTR 1
#define HAVE_VISIBILITY 1
#define HAVE_STDINT_H_WITH_UINTMAX 1
#define HAVE_ALLOCA_H 1
#define HAVE_ALLOCA 1
#define HAVE_STDLIB_H 1
#define HAVE_UNISTD_H 1
#define HAVE_SYS_PARAM_H 1
#define HAVE_GETPAGESIZE 1
#define HAVE_MMAP 1
#define INTDIV0_RAISES_SIGFPE 1
#define HAVE_INTTYPES_H_WITH_UINTMAX 1
#define HAVE_UNSIGNED_LONG_LONG_INT 1
#define HAVE_UINTMAX_T 1
#define HAVE_INTTYPES_H 1
#define __EXTENSIONS__ 1
#define _ALL_SOURCE 1
#define _GNU_SOURCE 1
#define _POSIX_PTHREAD_SEMANTICS 1
#define _TANDEM_SOURCE 1
#define USE_POSIX_THREADS 1
#define USE_POSIX_THREADS_WEAK 1
#define HAVE_PTHREAD_RWLOCK 1
#define HAVE_PTHREAD_MUTEX_RECURSIVE 1
#define HAVE_BUILTIN_EXPECT 1
#define HAVE_ARGZ_H 1
#define HAVE_INTTYPES_H 1
#define HAVE_LIMITS_H 1
#define HAVE_UNISTD_H 1
#define HAVE_SYS_PARAM_H 1
#define HAVE_GETCWD 1
#define HAVE_GETEGID 1
#define HAVE_GETEUID 1
#define HAVE_GETGID 1
#define HAVE_GETUID 1
#define HAVE_MEMPCPY 1
#define HAVE_MUNMAP 1
#define HAVE_STPCPY 1
#define HAVE_STRCASECMP 1
#define HAVE_STRDUP 1
#define HAVE_STRTOUL 1
#define HAVE_TSEARCH 1
#define HAVE_ARGZ_COUNT 1
#define HAVE_ARGZ_STRINGIFY 1
#define HAVE_ARGZ_NEXT 1
#define HAVE___FSETLOCKING 1
#define HAVE_DECL_FEOF_UNLOCKED 1
#define HAVE_DECL_FGETS_UNLOCKED 1
#define HAVE_ICONV 1
#define ICONV_CONST 
#define HAVE_NL_LOCALE_NAME 1
#define HAVE_LONG_LONG_INT 1
#define HAVE_WCHAR_T 1
#define HAVE_WINT_T 1
#define HAVE_INTMAX_T 1
#define HAVE_POSIX_PRINTF 1
#define HAVE_STDINT_H 1
#define HAVE_STDINT_H 1
#define HAVE_STDDEF_H 1
#define HAVE_STDLIB_H 1
#define HAVE_STRING_H 1
#define HAVE_ASPRINTF 1
#define HAVE_FWPRINTF 1
#define HAVE_PUTENV 1
#define HAVE_SETENV 1
#define HAVE_SETLOCALE 1
#define HAVE_SNPRINTF 1
#define HAVE_WCSLEN 1
#define HAVE_DECL__SNPRINTF 0
#define HAVE_DECL__SNWPRINTF 0
#define HAVE_DECL_GETC_UNLOCKED 1
#define HAVE_LANGINFO_CODESET 1
#define HAVE_LC_MESSAGES 1
#define ENABLE_NLS 1
#define HAVE_GETTEXT 1
#define HAVE_DCGETTEXT 1

configure: exit 0
